#
# There is insufficient memory for the Java Runtime Environment to continue.
# Native memory allocation (mmap) failed to map 130023424 bytes for G1 virtual space
# Possible reasons:
#   The system is out of physical RAM or swap space
#   The process is running with CompressedOops enabled, and the Java Heap may be blocking the growth of the native heap
# Possible solutions:
#   Reduce memory load on the system
#   Increase physical memory or swap space
#   Check if swap backing store is full
#   Decrease Java heap size (-Xmx/-Xms)
#   Decrease number of Java threads
#   Decrease Java thread stack sizes (-Xss)
#   Set larger code cache with -XX:ReservedCodeCacheSize=
#   JVM is running with Unscaled Compressed Oops mode in which the Java heap is
#     placed in the first 4GB address space. The Java Heap base address is the
#     maximum limit for the native heap growth. Please use -XX:HeapBaseMinAddress
#     to set the Java Heap base and to place the Java Heap above 4GB virtual address.
# This output file may be truncated or incomplete.
#
#  Out of Memory Error (os_windows.cpp:3617), pid=948, tid=3004
#
# JRE version:  (17.0.8+7) (build )
# Java VM: OpenJDK 64-Bit Server VM (17.0.8+7-LTS, mixed mode, sharing, tiered, compressed oops, compressed class ptrs, g1 gc, windows-amd64)
# No core dump will be written. Minidumps are not enabled by default on client versions of Windows
#

---------------  S U M M A R Y ------------

Command Line: C:\Users\abc\.gradle\build-scan-data\3.12.3\gradle-build-scan-background-upload-6615d6fa96373a0407e072dfaa4eefc95b6785c35090d54f80a15681f668f629.jar

Host: 11th Gen Intel(R) Core(TM) i3-1115G4 @ 3.00GHz, 4 cores, 7G,  Windows 11 , 64 bit Build 22621 (10.0.22621.3672)
Time: Fri Jul 12 14:28:40 2024 India Standard Time elapsed time: 0.087423 seconds (0d 0h 0m 0s)

---------------  T H R E A D  ---------------

Current thread (0x000002319b9a8c80):  JavaThread "Unknown thread" [_thread_in_vm, id=3004, stack(0x00000078dac00000,0x00000078dad00000)]

Stack: [0x00000078dac00000,0x00000078dad00000]
Native frames: (J=compiled Java code, j=interpreted, Vv=VM code, C=native code)
V  [jvm.dll+0x67bf3a]
V  [jvm.dll+0x83a024]
V  [jvm.dll+0x83b7ce]
V  [jvm.dll+0x83be33]
V  [jvm.dll+0x24785f]
V  [jvm.dll+0x678cb9]
V  [jvm.dll+0x66d54a]
V  [jvm.dll+0x308feb]
V  [jvm.dll+0x310496]
V  [jvm.dll+0x36019e]
V  [jvm.dll+0x3603cf]
V  [jvm.dll+0x2dff38]
V  [jvm.dll+0x2e0ea4]
V  [jvm.dll+0x80bca1]
V  [jvm.dll+0x36df61]
V  [jvm.dll+0x7eafac]
V  [jvm.dll+0x3f0c8f]
V  [jvm.dll+0x3f28a1]
C  [jli.dll+0x528f]
C  [ucrtbase.dll+0x29333]
C  [KERNEL32.DLL+0x1257d]
C  [ntdll.dll+0x5af28]


---------------  P R O C E S S  ---------------

Threads class SMR info:
_java_thread_list=0x00007fffe49d3058, length=0, elements={
}

Java Threads: ( => current thread )

Other Threads:
  0x000002319ba01f50 GCTaskThread "GC Thread#0" [stack: 0x00000078dad00000,0x00000078dae00000] [id=6716]
  0x000002319ba123a0 ConcurrentGCThread "G1 Main Marker" [stack: 0x00000078dae00000,0x00000078daf00000] [id=9192]
  0x000002319ba14560 ConcurrentGCThread "G1 Conc#0" [stack: 0x00000078daf00000,0x00000078db000000] [id=4556]

[error occurred during error reporting (printing all threads), id 0xc0000005, EXCEPTION_ACCESS_VIOLATION (0xc0000005) at pc=0x00007fffe4190927]

VM state: not at safepoint (not fully initialized)

VM Mutex/Monitor currently owned by a thread:  ([mutex/lock_event])
[0x000002319b9a4e70] Heap_lock - owner thread: 0x000002319b9a8c80

Heap address: 0x0000000085800000, size: 1960 MB, Compressed Oops mode: 32-bit

CDS archive(s) mapped at: [0x0000000000000000-0x0000000000000000-0x0000000000000000), size 0, SharedBaseAddress: 0x0000000800000000, ArchiveRelocationMode: 1.
Narrow klass base: 0x0000000000000000, Narrow klass shift: 0, Narrow klass range: 0x0

GC Precious Log:
<Empty>

Heap:
 garbage-first heap   total 0K, used 0K [0x0000000085800000, 0x0000000100000000)
  region size 1024K, 0 young (0K), 0 survivors (0K)

[error occurred during error reporting (printing heap information), id 0xc0000005, EXCEPTION_ACCESS_VIOLATION (0xc0000005) at pc=0x00007fffe4575fc9]

GC Heap History (0 events):
No events

Dll operation events (1 events):
Event: 0.006 Loaded shared library C:\Program Files\Microsoft\jdk-17.0.8.7-hotspot\bin\java.dll

Deoptimization events (0 events):
No events

Classes unloaded (0 events):
No events

Classes redefined (0 events):
No events

Internal exceptions (0 events):
No events

VM Operations (0 events):
No events

Events (0 events):
No events


Dynamic libraries:
0x00007ff690a90000 - 0x00007ff690a9e000 	C:\Program Files\Microsoft\jdk-17.0.8.7-hotspot\bin\java.exe
0x00007ff845390000 - 0x00007ff8455a7000 	C:\WINDOWS\SYSTEM32\ntdll.dll
0x00007ff843480000 - 0x00007ff843544000 	C:\WINDOWS\System32\KERNEL32.DLL
0x00007ff842780000 - 0x00007ff842b2d000 	C:\WINDOWS\System32\KERNELBASE.dll
0x00007ff842dc0000 - 0x00007ff842ed1000 	C:\WINDOWS\System32\ucrtbase.dll
0x00007ff8106a0000 - 0x00007ff8106bb000 	C:\Program Files\Microsoft\jdk-17.0.8.7-hotspot\bin\VCRUNTIME140.dll
0x00007ff80ebe0000 - 0x00007ff80ebf7000 	C:\Program Files\Microsoft\jdk-17.0.8.7-hotspot\bin\jli.dll
0x00007ff8437e0000 - 0x00007ff84398e000 	C:\WINDOWS\System32\USER32.dll
0x00007ff82b210000 - 0x00007ff82b4a3000 	C:\WINDOWS\WinSxS\amd64_microsoft.windows.common-controls_6595b64144ccf1df_6.0.22621.3672_none_2713b9d173822955\COMCTL32.dll
0x00007ff843070000 - 0x00007ff843096000 	C:\WINDOWS\System32\win32u.dll
0x00007ff843230000 - 0x00007ff8432d7000 	C:\WINDOWS\System32\msvcrt.dll
0x00007ff845320000 - 0x00007ff845349000 	C:\WINDOWS\System32\GDI32.dll
0x00007ff842ee0000 - 0x00007ff842ff9000 	C:\WINDOWS\System32\gdi32full.dll
0x00007ff842ca0000 - 0x00007ff842d3a000 	C:\WINDOWS\System32\msvcp_win.dll
0x00007ff844e10000 - 0x00007ff844e41000 	C:\WINDOWS\System32\IMM32.DLL
0x00007ff8137f0000 - 0x00007ff8137fc000 	C:\Program Files\Microsoft\jdk-17.0.8.7-hotspot\bin\vcruntime140_1.dll
0x00007ff80e6d0000 - 0x00007ff80e75d000 	C:\Program Files\Microsoft\jdk-17.0.8.7-hotspot\bin\msvcp140.dll
0x00007fffe3ea0000 - 0x00007fffe4b05000 	C:\Program Files\Microsoft\jdk-17.0.8.7-hotspot\bin\server\jvm.dll
0x00007ff843550000 - 0x00007ff843602000 	C:\WINDOWS\System32\ADVAPI32.dll
0x00007ff845000000 - 0x00007ff8450a9000 	C:\WINDOWS\System32\sechost.dll
0x00007ff8430a0000 - 0x00007ff8430c8000 	C:\WINDOWS\System32\bcrypt.dll
0x00007ff844cf0000 - 0x00007ff844e04000 	C:\WINDOWS\System32\RPCRT4.dll
0x00007ff842580000 - 0x00007ff8425cd000 	C:\WINDOWS\SYSTEM32\POWRPROF.dll
0x00007ff823860000 - 0x00007ff823869000 	C:\WINDOWS\SYSTEM32\WSOCK32.dll
0x00007ff838810000 - 0x00007ff838844000 	C:\WINDOWS\SYSTEM32\WINMM.dll
0x00007ff838350000 - 0x00007ff83835a000 	C:\WINDOWS\SYSTEM32\VERSION.dll
0x00007ff8433f0000 - 0x00007ff843461000 	C:\WINDOWS\System32\WS2_32.dll
0x00007ff842560000 - 0x00007ff842573000 	C:\WINDOWS\SYSTEM32\UMPDC.dll
0x00007ff8416f0000 - 0x00007ff841708000 	C:\WINDOWS\SYSTEM32\kernel.appcore.dll
0x00007ff80ec50000 - 0x00007ff80ec5a000 	C:\Program Files\Microsoft\jdk-17.0.8.7-hotspot\bin\jimage.dll
0x00007ff83f8e0000 - 0x00007ff83fb12000 	C:\WINDOWS\SYSTEM32\DBGHELP.DLL
0x00007ff844090000 - 0x00007ff844418000 	C:\WINDOWS\System32\combase.dll
0x00007ff843150000 - 0x00007ff843227000 	C:\WINDOWS\System32\OLEAUT32.dll
0x00007ff836750000 - 0x00007ff836782000 	C:\WINDOWS\SYSTEM32\dbgcore.DLL
0x00007ff842d40000 - 0x00007ff842dbb000 	C:\WINDOWS\System32\bcryptPrimitives.dll
0x00007ff80ec10000 - 0x00007ff80ec35000 	C:\Program Files\Microsoft\jdk-17.0.8.7-hotspot\bin\java.dll

dbghelp: loaded successfully - version: 4.0.5 - missing functions: none
symbol engine: initialized successfully - sym options: 0x614 - pdb path: .;C:\Program Files\Microsoft\jdk-17.0.8.7-hotspot\bin;C:\WINDOWS\SYSTEM32;C:\WINDOWS\WinSxS\amd64_microsoft.windows.common-controls_6595b64144ccf1df_6.0.22621.3672_none_2713b9d173822955;C:\Program Files\Microsoft\jdk-17.0.8.7-hotspot\bin\server

VM Arguments:
java_command: C:\Users\abc\.gradle\build-scan-data\3.12.3\gradle-build-scan-background-upload-6615d6fa96373a0407e072dfaa4eefc95b6785c35090d54f80a15681f668f629.jar
java_class_path (initial): C:\Users\abc\.gradle\build-scan-data\3.12.3\gradle-build-scan-background-upload-6615d6fa96373a0407e072dfaa4eefc95b6785c35090d54f80a15681f668f629.jar
Launcher Type: SUN_STANDARD

[Global flags]
     intx CICompilerCount                          = 3                                         {product} {ergonomic}
     uint ConcGCThreads                            = 1                                         {product} {ergonomic}
     uint G1ConcRefinementThreads                  = 4                                         {product} {ergonomic}
   size_t G1HeapRegionSize                         = 1048576                                   {product} {ergonomic}
    uintx GCDrainStackTargetSize                   = 64                                        {product} {ergonomic}
   size_t InitialHeapSize                          = 130023424                                 {product} {ergonomic}
   size_t MarkStackSize                            = 4194304                                   {product} {ergonomic}
   size_t MaxHeapSize                              = 2055208960                                {product} {ergonomic}
   size_t MinHeapDeltaBytes                        = 1048576                                   {product} {ergonomic}
   size_t MinHeapSize                              = 8388608                                   {product} {ergonomic}
    uintx NonNMethodCodeHeapSize                   = 5832780                                {pd product} {ergonomic}
    uintx NonProfiledCodeHeapSize                  = 122912730                              {pd product} {ergonomic}
    uintx ProfiledCodeHeapSize                     = 122912730                              {pd product} {ergonomic}
    uintx ReservedCodeCacheSize                    = 251658240                              {pd product} {ergonomic}
     bool SegmentedCodeCache                       = true                                      {product} {ergonomic}
   size_t SoftMaxHeapSize                          = 2055208960                             {manageable} {ergonomic}
     bool UseCompressedClassPointers               = true                           {product lp64_product} {ergonomic}
     bool UseCompressedOops                        = true                           {product lp64_product} {ergonomic}
     bool UseG1GC                                  = true                                      {product} {ergonomic}
     bool UseLargePagesIndividualAllocation        = false                                  {pd product} {ergonomic}

Logging:
Log output configuration:
 #0: stdout all=warning uptime,level,tags
 #1: stderr all=off uptime,level,tags

Environment Variables:
JAVA_HOME=C:\Program Files\Microsoft\jdk-17.0.8.7-hotspot
CLASSPATH=C:\Users\abc\Documents\TravelBooking\android\\gradle\wrapper\gradle-wrapper.jar
PATH=C:\Python312\Scripts\;C:\Python312\;C:\WINDOWS\system32;C:\WINDOWS;C:\WINDOWS\System32\Wbem;C:\WINDOWS\System32\WindowsPowerShell\v1.0\;C:\WINDOWS\System32\OpenSSH\;C:\Program Files\Git\cmd;C:\Users\abc\AppData\Roaming\nvm;C:\Program Files\nodejs;C:\ProgramData\chocolatey\bin;C:\android\platform-tools;C:\android\build-tools;C:\Program Files\nodejs\;C:\Program Files\Microsoft\jdk-17.0.8.7-hotspot\bin;C:\Users\abc\AppData\Local\Microsoft\WindowsApps;C:\Users\abc\AppData\Local\Programs\Microsoft VS Code\bin;C:\Users\abc\AppData\Local\GitHubDesktop\bin;C:\Users\abc\AppData\Roaming\npm
USERNAME=abc
OS=Windows_NT
PROCESSOR_IDENTIFIER=Intel64 Family 6 Model 140 Stepping 1, GenuineIntel
TMP=C:\Users\abc\AppData\Local\Temp
TEMP=C:\Users\abc\AppData\Local\Temp



---------------  S Y S T E M  ---------------

OS:
 Windows 11 , 64 bit Build 22621 (10.0.22621.3672)
OS uptime: 0 days 0:56 hours

CPU: total 4 (initial active 4) (2 cores per cpu, 2 threads per core) family 6 model 140 stepping 1 microcode 0xb4, cx8, cmov, fxsr, ht, mmx, 3dnowpref, sse, sse2, sse3, ssse3, sse4.1, sse4.2, popcnt, lzcnt, tsc, tscinvbit, avx, avx2, aes, erms, clmul, bmi1, bmi2, adx, avx512f, avx512dq, avx512cd, avx512bw, avx512vl, sha, fma, vzeroupper, avx512_vpopcntdq, avx512_vpclmulqdq, avx512_vaes, avx512_vnni, clflush, clflushopt, clwb, avx512_vbmi2, avx512_vbmi
Processor Information for processor 0
  Max Mhz: 2901, Current Mhz: 2800, Mhz Limit: 2901
Processor Information for processor 1
  Max Mhz: 2901, Current Mhz: 2800, Mhz Limit: 2901
Processor Information for processor 2
  Max Mhz: 2901, Current Mhz: 400, Mhz Limit: 2901
Processor Information for processor 3
  Max Mhz: 2901, Current Mhz: 400, Mhz Limit: 2901

Memory: 4k page, system-wide physical 7834M (532M free)
TotalPageFile size 12219M (AvailPageFile size 91M)
current process WorkingSet (physical memory assigned to process): 11M, peak: 11M
current process commit charge ("private bytes"): 52M, peak: 176M

vm_info: OpenJDK 64-Bit Server VM (17.0.8+7-LTS) for windows-amd64 JRE (17.0.8+7-LTS), built on Jul  7 2023 17:21:55 by "MicrosoftCorporation" with MS VC++ 16.10 / 16.11 (VS2019)

END.
