#
# There is insufficient memory for the Java Runtime Environment to continue.
# Native memory allocation (malloc) failed to allocate 1012656 bytes for Chunk::new
# Possible reasons:
#   The system is out of physical RAM or swap space
#   The process is running with CompressedOops enabled, and the Java Heap may be blocking the growth of the native heap
# Possible solutions:
#   Reduce memory load on the system
#   Increase physical memory or swap space
#   Check if swap backing store is full
#   Decrease Java heap size (-Xmx/-Xms)
#   Decrease number of Java threads
#   Decrease Java thread stack sizes (-Xss)
#   Set larger code cache with -XX:ReservedCodeCacheSize=
#   JVM is running with Unscaled Compressed Oops mode in which the Java heap is
#     placed in the first 4GB address space. The Java Heap base address is the
#     maximum limit for the native heap growth. Please use -XX:HeapBaseMinAddress
#     to set the Java Heap base and to place the Java Heap above 4GB virtual address.
# This output file may be truncated or incomplete.
#
#  Out of Memory Error (arena.cpp:189), pid=19220, tid=13120
#
# JRE version: OpenJDK Runtime Environment Microsoft-8035246 (17.0.8+7) (build 17.0.8+7-LTS)
# Java VM: OpenJDK 64-Bit Server VM Microsoft-8035246 (17.0.8+7-LTS, mixed mode, sharing, tiered, compressed oops, compressed class ptrs, g1 gc, windows-amd64)
# No core dump will be written. Minidumps are not enabled by default on client versions of Windows
#

---------------  S U M M A R Y ------------

Command Line: org.jetbrains.kotlin.cli.jvm.K2JVMCompiler @C:\Users\abc\Documents\TravelBooking\node_modules\react-native-gesture-handler\android\build\20240709_17780224262806643645.compiler.options

Host: 11th Gen Intel(R) Core(TM) i3-1115G4 @ 3.00GHz, 4 cores, 7G,  Windows 11 , 64 bit Build 22621 (10.0.22621.3672)
Time: Tue Jul  9 14:55:15 2024 India Standard Time elapsed time: 16.104389 seconds (0d 0h 0m 16s)

---------------  T H R E A D  ---------------

Current thread (0x0000021dad038450):  JavaThread "C2 CompilerThread0" daemon [_thread_in_native, id=13120, stack(0x0000008c72200000,0x0000008c72300000)]


Current CompileTask:
C2:  16104 4576       4       jdk.internal.loader.URLClassPath::getResource (74 bytes)

Stack: [0x0000008c72200000,0x0000008c72300000]
Native frames: (J=compiled Java code, j=interpreted, Vv=VM code, C=native code)
V  [jvm.dll+0x67bf3a]
V  [jvm.dll+0x83a024]
V  [jvm.dll+0x83b7ce]
V  [jvm.dll+0x83be33]
V  [jvm.dll+0x24785f]
V  [jvm.dll+0xac3bc]
V  [jvm.dll+0xac98c]
V  [jvm.dll+0x3680b2]
V  [jvm.dll+0x332451]
V  [jvm.dll+0x3318fa]
V  [jvm.dll+0x21a131]
V  [jvm.dll+0x219551]
V  [jvm.dll+0x1a56b6]
V  [jvm.dll+0x2291ea]
V  [jvm.dll+0x22724c]
V  [jvm.dll+0x7efd0c]
V  [jvm.dll+0x7ea13a]
V  [jvm.dll+0x67ad85]
C  [ucrtbase.dll+0x29333]
C  [KERNEL32.DLL+0x1257d]
C  [ntdll.dll+0x5af28]


---------------  P R O C E S S  ---------------

Threads class SMR info:
_java_thread_list=0x0000021dad5c21f0, length=12, elements={
0x0000021d8d85fea0, 0x0000021dad01d720, 0x0000021dad01f0f0, 0x0000021dad035970,
0x0000021dad036330, 0x0000021dad036cf0, 0x0000021dad0376b0, 0x0000021dad038450,
0x0000021dad038f00, 0x0000021dad039900, 0x0000021dad282460, 0x0000021dad282fe0
}

Java Threads: ( => current thread )
  0x0000021d8d85fea0 JavaThread "main" [_thread_in_Java, id=18804, stack(0x0000008c71500000,0x0000008c71600000)]
  0x0000021dad01d720 JavaThread "Reference Handler" daemon [_thread_blocked, id=12976, stack(0x0000008c71c00000,0x0000008c71d00000)]
  0x0000021dad01f0f0 JavaThread "Finalizer" daemon [_thread_blocked, id=10952, stack(0x0000008c71d00000,0x0000008c71e00000)]
  0x0000021dad035970 JavaThread "Signal Dispatcher" daemon [_thread_blocked, id=20500, stack(0x0000008c71e00000,0x0000008c71f00000)]
  0x0000021dad036330 JavaThread "Attach Listener" daemon [_thread_blocked, id=12984, stack(0x0000008c71f00000,0x0000008c72000000)]
  0x0000021dad036cf0 JavaThread "Service Thread" daemon [_thread_blocked, id=19656, stack(0x0000008c72000000,0x0000008c72100000)]
  0x0000021dad0376b0 JavaThread "Monitor Deflation Thread" daemon [_thread_blocked, id=1544, stack(0x0000008c72100000,0x0000008c72200000)]
=>0x0000021dad038450 JavaThread "C2 CompilerThread0" daemon [_thread_in_native, id=13120, stack(0x0000008c72200000,0x0000008c72300000)]
  0x0000021dad038f00 JavaThread "C1 CompilerThread0" daemon [_thread_blocked, id=22460, stack(0x0000008c72300000,0x0000008c72400000)]
  0x0000021dad039900 JavaThread "Sweeper thread" daemon [_thread_blocked, id=19612, stack(0x0000008c72400000,0x0000008c72500000)]
  0x0000021dad282460 JavaThread "Notification Thread" daemon [_thread_blocked, id=8776, stack(0x0000008c72500000,0x0000008c72600000)]
  0x0000021dad282fe0 JavaThread "Common-Cleaner" daemon [_thread_blocked, id=10032, stack(0x0000008c72700000,0x0000008c72800000)]

Other Threads:
  0x0000021dad0195d0 VMThread "VM Thread" [stack: 0x0000008c71b00000,0x0000008c71c00000] [id=5584]
  0x0000021dad282940 WatcherThread [stack: 0x0000008c72600000,0x0000008c72700000] [id=23536]
  0x0000021d8d8b7330 GCTaskThread "GC Thread#0" [stack: 0x0000008c71600000,0x0000008c71700000] [id=1744]
  0x0000021dad5e7ec0 GCTaskThread "GC Thread#1" [stack: 0x0000008c72900000,0x0000008c72a00000] [id=3724]
  0x0000021dad56d7b0 GCTaskThread "GC Thread#2" [stack: 0x0000008c72a00000,0x0000008c72b00000] [id=11660]
  0x0000021dad683bb0 GCTaskThread "GC Thread#3" [stack: 0x0000008c72b00000,0x0000008c72c00000] [id=22168]
  0x0000021d8d8c8790 ConcurrentGCThread "G1 Main Marker" [stack: 0x0000008c71700000,0x0000008c71800000] [id=7588]
  0x0000021d8d8c91a0 ConcurrentGCThread "G1 Conc#0" [stack: 0x0000008c71800000,0x0000008c71900000] [id=17024]
  0x0000021dacec2850 ConcurrentGCThread "G1 Refine#0" [stack: 0x0000008c71900000,0x0000008c71a00000] [id=19748]
  0x0000021d8d90eab0 ConcurrentGCThread "G1 Service" [stack: 0x0000008c71a00000,0x0000008c71b00000] [id=21428]

Threads with active compile tasks:
C2 CompilerThread0    16165 4576       4       jdk.internal.loader.URLClassPath::getResource (74 bytes)

VM state: not at safepoint (normal execution)

VM Mutex/Monitor currently owned by a thread: None

Heap address: 0x0000000085800000, size: 1960 MB, Compressed Oops mode: 32-bit

CDS archive(s) mapped at: [0x0000021dae000000-0x0000021daebd0000-0x0000021daebd0000), size 12386304, SharedBaseAddress: 0x0000021dae000000, ArchiveRelocationMode: 1.
Compressed class space mapped at: 0x0000021daf000000-0x0000021def000000, reserved size: 1073741824
Narrow klass base: 0x0000021dae000000, Narrow klass shift: 0, Narrow klass range: 0x100000000

GC Precious Log:
 CPUs: 4 total, 4 available
 Memory: 7834M
 Large Page Support: Disabled
 NUMA Support: Disabled
 Compressed Oops: Enabled (32-bit)
 Heap Region Size: 1M
 Heap Min Capacity: 8M
 Heap Initial Capacity: 124M
 Heap Max Capacity: 1960M
 Pre-touch: Disabled
 Parallel Workers: 4
 Concurrent Workers: 1
 Concurrent Refinement Workers: 4
 Periodic GC: Disabled

Heap:
 garbage-first heap   total 76800K, used 50903K [0x0000000085800000, 0x0000000100000000)
  region size 1024K, 17 young (17408K), 1 survivors (1024K)
 Metaspace       used 43141K, committed 43456K, reserved 1114112K
  class space    used 5290K, committed 5440K, reserved 1048576K

Heap Regions: E=young(eden), S=young(survivor), O=old, HS=humongous(starts), HC=humongous(continues), CS=collection set, F=free, OA=open archive, CA=closed archive, TAMS=top-at-mark-start (previous, next)
|   0|0x0000000085800000, 0x0000000085900000, 0x0000000085900000|100%|HS|  |TAMS 0x0000000085900000, 0x0000000085800000| Complete 
|   1|0x0000000085900000, 0x0000000085a00000, 0x0000000085a00000|100%|HC|  |TAMS 0x0000000085a00000, 0x0000000085900000| Complete 
|   2|0x0000000085a00000, 0x0000000085b00000, 0x0000000085b00000|100%|HC|  |TAMS 0x0000000085b00000, 0x0000000085a00000| Complete 
|   3|0x0000000085b00000, 0x0000000085c00000, 0x0000000085c00000|100%| O|  |TAMS 0x0000000085c00000, 0x0000000085b00000| Untracked 
|   4|0x0000000085c00000, 0x0000000085d00000, 0x0000000085d00000|100%| O|  |TAMS 0x0000000085d00000, 0x0000000085c00000| Untracked 
|   5|0x0000000085d00000, 0x0000000085d40600, 0x0000000085e00000| 25%| O|  |TAMS 0x0000000085d40600, 0x0000000085d00000| Untracked 
|   6|0x0000000085e00000, 0x0000000085f00000, 0x0000000085f00000|100%|HS|  |TAMS 0x0000000085f00000, 0x0000000085e00000| Complete 
|   7|0x0000000085f00000, 0x0000000086000000, 0x0000000086000000|100%|HC|  |TAMS 0x0000000086000000, 0x0000000085f00000| Complete 
|   8|0x0000000086000000, 0x0000000086100000, 0x0000000086100000|100%|HC|  |TAMS 0x0000000086100000, 0x0000000086000000| Complete 
|   9|0x0000000086100000, 0x0000000086200000, 0x0000000086200000|100%| O|  |TAMS 0x0000000086200000, 0x0000000086100000| Untracked 
|  10|0x0000000086200000, 0x0000000086300000, 0x0000000086300000|100%| O|  |TAMS 0x0000000086300000, 0x0000000086200000| Untracked 
|  11|0x0000000086300000, 0x0000000086400000, 0x0000000086400000|100%| O|  |TAMS 0x0000000086400000, 0x0000000086300000| Untracked 
|  12|0x0000000086400000, 0x0000000086500000, 0x0000000086500000|100%| O|  |TAMS 0x0000000086500000, 0x0000000086400000| Untracked 
|  13|0x0000000086500000, 0x0000000086600000, 0x0000000086600000|100%| O|  |TAMS 0x0000000086600000, 0x0000000086500000| Untracked 
|  14|0x0000000086600000, 0x0000000086700000, 0x0000000086700000|100%| O|  |TAMS 0x0000000086700000, 0x0000000086600000| Untracked 
|  15|0x0000000086700000, 0x0000000086800000, 0x0000000086800000|100%| O|  |TAMS 0x0000000086800000, 0x0000000086700000| Untracked 
|  16|0x0000000086800000, 0x0000000086900000, 0x0000000086900000|100%| O|  |TAMS 0x0000000086900000, 0x0000000086800000| Untracked 
|  17|0x0000000086900000, 0x0000000086a00000, 0x0000000086a00000|100%| O|  |TAMS 0x0000000086a00000, 0x0000000086900000| Untracked 
|  18|0x0000000086a00000, 0x0000000086b00000, 0x0000000086b00000|100%| O|  |TAMS 0x0000000086b00000, 0x0000000086a00000| Untracked 
|  19|0x0000000086b00000, 0x0000000086c00000, 0x0000000086c00000|100%| O|  |TAMS 0x0000000086c00000, 0x0000000086b00000| Untracked 
|  20|0x0000000086c00000, 0x0000000086d00000, 0x0000000086d00000|100%| O|  |TAMS 0x0000000086d00000, 0x0000000086c00000| Untracked 
|  21|0x0000000086d00000, 0x0000000086e00000, 0x0000000086e00000|100%| O|  |TAMS 0x0000000086e00000, 0x0000000086d00000| Untracked 
|  22|0x0000000086e00000, 0x0000000086f00000, 0x0000000086f00000|100%| O|  |TAMS 0x0000000086f00000, 0x0000000086e00000| Untracked 
|  23|0x0000000086f00000, 0x0000000087000000, 0x0000000087000000|100%| O|  |TAMS 0x0000000087000000, 0x0000000086f00000| Untracked 
|  24|0x0000000087000000, 0x0000000087100000, 0x0000000087100000|100%| O|  |TAMS 0x0000000087100000, 0x0000000087000000| Untracked 
|  25|0x0000000087100000, 0x0000000087200000, 0x0000000087200000|100%| O|  |TAMS 0x0000000087200000, 0x0000000087100000| Complete 
|  26|0x0000000087200000, 0x0000000087300000, 0x0000000087300000|100%| O|  |TAMS 0x0000000087300000, 0x0000000087200000| Untracked 
|  27|0x0000000087300000, 0x0000000087400000, 0x0000000087400000|100%|HS|  |TAMS 0x0000000087400000, 0x0000000087300000| Complete 
|  28|0x0000000087400000, 0x0000000087500000, 0x0000000087500000|100%|HC|  |TAMS 0x0000000087500000, 0x0000000087400000| Complete 
|  29|0x0000000087500000, 0x0000000087600000, 0x0000000087600000|100%| O|  |TAMS 0x0000000087600000, 0x0000000087500000| Untracked 
|  30|0x0000000087600000, 0x0000000087700000, 0x0000000087700000|100%| O|  |TAMS 0x0000000087700000, 0x0000000087600000| Untracked 
|  31|0x0000000087700000, 0x00000000877d2400, 0x0000000087800000| 82%| O|  |TAMS 0x0000000087700000, 0x0000000087700000| Untracked 
|  32|0x0000000087800000, 0x0000000087900000, 0x0000000087900000|100%| O|  |TAMS 0x0000000087900000, 0x0000000087800000| Untracked 
|  33|0x0000000087900000, 0x0000000087a00000, 0x0000000087a00000|100%| O|  |TAMS 0x0000000087a00000, 0x0000000087900000| Untracked 
|  34|0x0000000087a00000, 0x0000000087b00000, 0x0000000087b00000|100%| O|  |TAMS 0x0000000087aeee00, 0x0000000087a00000| Untracked 
|  35|0x0000000087b00000, 0x0000000087b00000, 0x0000000087c00000|  0%| F|  |TAMS 0x0000000087b00000, 0x0000000087b00000| Untracked 
|  36|0x0000000087c00000, 0x0000000087c00000, 0x0000000087d00000|  0%| F|  |TAMS 0x0000000087c00000, 0x0000000087c00000| Untracked 
|  37|0x0000000087d00000, 0x0000000087d00000, 0x0000000087e00000|  0%| F|  |TAMS 0x0000000087d00000, 0x0000000087d00000| Untracked 
|  38|0x0000000087e00000, 0x0000000087e00000, 0x0000000087f00000|  0%| F|  |TAMS 0x0000000087e00000, 0x0000000087e00000| Untracked 
|  39|0x0000000087f00000, 0x0000000087f00000, 0x0000000088000000|  0%| F|  |TAMS 0x0000000087f00000, 0x0000000087f00000| Untracked 
|  40|0x0000000088000000, 0x0000000088000000, 0x0000000088100000|  0%| F|  |TAMS 0x0000000088000000, 0x0000000088000000| Untracked 
|  41|0x0000000088100000, 0x0000000088100000, 0x0000000088200000|  0%| F|  |TAMS 0x0000000088100000, 0x0000000088100000| Untracked 
|  42|0x0000000088200000, 0x0000000088200000, 0x0000000088300000|  0%| F|  |TAMS 0x0000000088200000, 0x0000000088200000| Untracked 
|  43|0x0000000088300000, 0x0000000088300000, 0x0000000088400000|  0%| F|  |TAMS 0x0000000088300000, 0x0000000088300000| Untracked 
|  44|0x0000000088400000, 0x0000000088400000, 0x0000000088500000|  0%| F|  |TAMS 0x0000000088400000, 0x0000000088400000| Untracked 
|  45|0x0000000088500000, 0x0000000088500000, 0x0000000088600000|  0%| F|  |TAMS 0x0000000088500000, 0x0000000088500000| Untracked 
|  46|0x0000000088600000, 0x0000000088600000, 0x0000000088700000|  0%| F|  |TAMS 0x0000000088600000, 0x0000000088600000| Untracked 
|  47|0x0000000088700000, 0x00000000887a33e0, 0x0000000088800000| 63%| S|CS|TAMS 0x0000000088700000, 0x0000000088700000| Complete 
|  48|0x0000000088800000, 0x0000000088800000, 0x0000000088900000|  0%| F|  |TAMS 0x0000000088800000, 0x0000000088800000| Untracked 
|  49|0x0000000088900000, 0x0000000088900000, 0x0000000088a00000|  0%| F|  |TAMS 0x0000000088900000, 0x0000000088900000| Untracked 
|  50|0x0000000088a00000, 0x0000000088a00000, 0x0000000088b00000|  0%| F|  |TAMS 0x0000000088a00000, 0x0000000088a00000| Untracked 
|  51|0x0000000088b00000, 0x0000000088b00000, 0x0000000088c00000|  0%| F|  |TAMS 0x0000000088b00000, 0x0000000088b00000| Untracked 
|  52|0x0000000088c00000, 0x0000000088c00000, 0x0000000088d00000|  0%| F|  |TAMS 0x0000000088c00000, 0x0000000088c00000| Untracked 
|  53|0x0000000088d00000, 0x0000000088d00000, 0x0000000088e00000|  0%| F|  |TAMS 0x0000000088d00000, 0x0000000088d00000| Untracked 
|  54|0x0000000088e00000, 0x0000000088e00000, 0x0000000088f00000|  0%| F|  |TAMS 0x0000000088e00000, 0x0000000088e00000| Untracked 
|  55|0x0000000088f00000, 0x0000000088f00000, 0x0000000089000000|  0%| F|  |TAMS 0x0000000088f00000, 0x0000000088f00000| Untracked 
|  56|0x0000000089000000, 0x0000000089000000, 0x0000000089100000|  0%| F|  |TAMS 0x0000000089000000, 0x0000000089000000| Untracked 
|  57|0x0000000089100000, 0x0000000089100000, 0x0000000089200000|  0%| F|  |TAMS 0x0000000089100000, 0x0000000089100000| Untracked 
|  58|0x0000000089200000, 0x0000000089200000, 0x0000000089300000|  0%| F|  |TAMS 0x0000000089200000, 0x0000000089200000| Untracked 
|  59|0x0000000089300000, 0x00000000893705f8, 0x0000000089400000| 43%| E|  |TAMS 0x0000000089300000, 0x0000000089300000| Complete 
|  60|0x0000000089400000, 0x0000000089500000, 0x0000000089500000|100%| E|CS|TAMS 0x0000000089400000, 0x0000000089400000| Complete 
|  61|0x0000000089500000, 0x0000000089600000, 0x0000000089600000|100%| E|CS|TAMS 0x0000000089500000, 0x0000000089500000| Complete 
|  62|0x0000000089600000, 0x0000000089700000, 0x0000000089700000|100%| E|CS|TAMS 0x0000000089600000, 0x0000000089600000| Complete 
|  63|0x0000000089700000, 0x0000000089800000, 0x0000000089800000|100%| E|CS|TAMS 0x0000000089700000, 0x0000000089700000| Complete 
|  64|0x0000000089800000, 0x0000000089900000, 0x0000000089900000|100%| E|CS|TAMS 0x0000000089800000, 0x0000000089800000| Complete 
|  65|0x0000000089900000, 0x0000000089a00000, 0x0000000089a00000|100%| E|CS|TAMS 0x0000000089900000, 0x0000000089900000| Complete 
|  66|0x0000000089a00000, 0x0000000089b00000, 0x0000000089b00000|100%| E|CS|TAMS 0x0000000089a00000, 0x0000000089a00000| Complete 
|  67|0x0000000089b00000, 0x0000000089c00000, 0x0000000089c00000|100%| E|CS|TAMS 0x0000000089b00000, 0x0000000089b00000| Complete 
|  68|0x0000000089c00000, 0x0000000089d00000, 0x0000000089d00000|100%| E|CS|TAMS 0x0000000089c00000, 0x0000000089c00000| Complete 
|  69|0x0000000089d00000, 0x0000000089e00000, 0x0000000089e00000|100%| E|CS|TAMS 0x0000000089d00000, 0x0000000089d00000| Complete 
|  70|0x0000000089e00000, 0x0000000089f00000, 0x0000000089f00000|100%| E|CS|TAMS 0x0000000089e00000, 0x0000000089e00000| Complete 
|  71|0x0000000089f00000, 0x000000008a000000, 0x000000008a000000|100%| E|CS|TAMS 0x0000000089f00000, 0x0000000089f00000| Complete 
|  72|0x000000008a000000, 0x000000008a100000, 0x000000008a100000|100%| E|CS|TAMS 0x000000008a000000, 0x000000008a000000| Complete 
|  73|0x000000008a100000, 0x000000008a200000, 0x000000008a200000|100%| E|CS|TAMS 0x000000008a100000, 0x000000008a100000| Complete 
| 123|0x000000008d300000, 0x000000008d400000, 0x000000008d400000|100%| E|CS|TAMS 0x000000008d300000, 0x000000008d300000| Complete 

Card table byte_map: [0x0000021da6550000,0x0000021da6930000] _byte_map_base: 0x0000021da6124000

Marking Bits (Prev, Next): (CMBitMap*) 0x0000021d8d8b89a0, (CMBitMap*) 0x0000021d8d8b8960
 Prev Bits: [0x0000021da8bb0000, 0x0000021daaa50000)
 Next Bits: [0x0000021da6d10000, 0x0000021da8bb0000)

Polling page: 0x0000021d8d6e0000

Metaspace:

Usage:
  Non-class:     36.96 MB used.
      Class:      5.17 MB used.
       Both:     42.13 MB used.

Virtual space:
  Non-class space:       64.00 MB reserved,      37.12 MB ( 58%) committed,  1 nodes.
      Class space:        1.00 GB reserved,       5.31 MB ( <1%) committed,  1 nodes.
             Both:        1.06 GB reserved,      42.44 MB (  4%) committed. 

Chunk freelists:
   Non-Class:  10.36 MB
       Class:  10.67 MB
        Both:  21.03 MB

MaxMetaspaceSize: unlimited
CompressedClassSpaceSize: 1.00 GB
Initial GC threshold: 21.00 MB
Current GC threshold: 65.56 MB
CDS: on
MetaspaceReclaimPolicy: balanced
 - commit_granule_bytes: 65536.
 - commit_granule_words: 8192.
 - virtual_space_node_default_size: 8388608.
 - enlarge_chunks_in_place: 1.
 - new_chunks_are_fully_committed: 0.
 - uncommit_free_chunks: 1.
 - use_allocation_guard: 0.
 - handle_deallocations: 1.


Internal statistics:

num_allocs_failed_limit: 6.
num_arena_births: 244.
num_arena_deaths: 0.
num_vsnodes_births: 2.
num_vsnodes_deaths: 0.
num_space_committed: 677.
num_space_uncommitted: 0.
num_chunks_returned_to_freelist: 6.
num_chunks_taken_from_freelist: 1763.
num_chunk_merges: 6.
num_chunk_splits: 1390.
num_chunks_enlarged: 1204.
num_inconsistent_stats: 0.

CodeHeap 'non-profiled nmethods': size=120000Kb used=2607Kb max_used=2607Kb free=117392Kb
 bounds [0x0000021d9e620000, 0x0000021d9e8b0000, 0x0000021da5b50000]
CodeHeap 'profiled nmethods': size=120000Kb used=10066Kb max_used=10066Kb free=109933Kb
 bounds [0x0000021d96b50000, 0x0000021d97530000, 0x0000021d9e080000]
CodeHeap 'non-nmethods': size=5760Kb used=1296Kb max_used=1344Kb free=4463Kb
 bounds [0x0000021d9e080000, 0x0000021d9e2f0000, 0x0000021d9e620000]
 total_blobs=5244 nmethods=4640 adapters=516
 compilation: enabled
              stopped_count=0, restarted_count=0
 full_count=0

Compilation events (20 events):
Event: 16.071 Thread 0x0000021dad038f00 4605       1       org.jetbrains.kotlin.resolve.lazy.ImportResolutionComponents::getStorageManager (5 bytes)
Event: 16.071 Thread 0x0000021dad038f00 nmethod 4605 0x0000021d9e8aa190 code [0x0000021d9e8aa320, 0x0000021d9e8aa3f8]
Event: 16.071 Thread 0x0000021dad038f00 4603       1       org.jetbrains.kotlin.resolve.scopes.LexicalChainedScope::getParent (5 bytes)
Event: 16.072 Thread 0x0000021dad038f00 nmethod 4603 0x0000021d9e8aa490 code [0x0000021d9e8aa620, 0x0000021d9e8aa6f8]
Event: 16.072 Thread 0x0000021dad038f00 4607       3       org.jetbrains.kotlin.serialization.deserialization.descriptors.DeserializedClassDescriptor$DeserializedClassTypeConstructor::getDeclarationDescriptor (8 bytes)
Event: 16.072 Thread 0x0000021dad038f00 nmethod 4607 0x0000021d97507890 code [0x0000021d97507a20, 0x0000021d97507b38]
Event: 16.074 Thread 0x0000021dad038f00 4608       1       org.jetbrains.kotlin.descriptors.impl.LazyPackageViewDescriptorImpl::getModule (5 bytes)
Event: 16.074 Thread 0x0000021dad038f00 nmethod 4608 0x0000021d9e8aa790 code [0x0000021d9e8aa920, 0x0000021d9e8aa9f8]
Event: 16.074 Thread 0x0000021dad038f00 4609       3       org.jetbrains.kotlin.descriptors.impl.ModuleDescriptorImpl::getPackage (25 bytes)
Event: 16.075 Thread 0x0000021dad038f00 nmethod 4609 0x0000021d97507c10 code [0x0000021d97507e60, 0x0000021d975086f8]
Event: 16.075 Thread 0x0000021dad038f00 4611       3       org.jetbrains.kotlin.serialization.deserialization.NameResolverUtilKt::getClassId (30 bytes)
Event: 16.075 Thread 0x0000021dad038f00 nmethod 4611 0x0000021d97508a10 code [0x0000021d97508c60, 0x0000021d97509418]
Event: 16.075 Thread 0x0000021dad038f00 4610       3       org.jetbrains.kotlin.metadata.deserialization.NameResolverImpl::getString (15 bytes)
Event: 16.075 Thread 0x0000021dad038f00 nmethod 4610 0x0000021d97509710 code [0x0000021d975098e0, 0x0000021d97509c58]
Event: 16.075 Thread 0x0000021dad038f00 4612       3       java.lang.invoke.MethodHandles$Lookup::findBoundCallerLookup (30 bytes)
Event: 16.076 Thread 0x0000021dad038f00 nmethod 4612 0x0000021d97509d90 code [0x0000021d97509fa0, 0x0000021d9750a758]
Event: 16.089 Thread 0x0000021dad038f00 4613       3       org.jetbrains.kotlin.config.MavenComparableVersion$ListItem::compareTo (229 bytes)
Event: 16.090 Thread 0x0000021dad038f00 nmethod 4613 0x0000021d9750aa10 code [0x0000021d9750ae00, 0x0000021d9750d1b8]
Event: 16.093 Thread 0x0000021dad038f00 4614       3       java.util.HashMap::containsKey (14 bytes)
Event: 16.093 Thread 0x0000021dad038f00 nmethod 4614 0x0000021d9750da10 code [0x0000021d9750dbc0, 0x0000021d9750dd68]

GC Heap History (20 events):
Event: 4.793 GC heap before
{Heap before GC invocations=2 (full 0):
 garbage-first heap   total 126976K, used 60333K [0x0000000085800000, 0x0000000100000000)
  region size 1024K, 52 young (53248K), 2 survivors (2048K)
 Metaspace       used 21318K, committed 21504K, reserved 1114112K
  class space    used 2766K, committed 2816K, reserved 1048576K
}
Event: 4.805 GC heap after
{Heap after GC invocations=3 (full 0):
 garbage-first heap   total 126976K, used 14593K [0x0000000085800000, 0x0000000100000000)
  region size 1024K, 6 young (6144K), 6 survivors (6144K)
 Metaspace       used 21318K, committed 21504K, reserved 1114112K
  class space    used 2766K, committed 2816K, reserved 1048576K
}
Event: 7.547 GC heap before
{Heap before GC invocations=4 (full 0):
 garbage-first heap   total 55296K, used 43265K [0x0000000085800000, 0x0000000100000000)
  region size 1024K, 32 young (32768K), 6 survivors (6144K)
 Metaspace       used 25505K, committed 25792K, reserved 1114112K
  class space    used 3453K, committed 3584K, reserved 1048576K
}
Event: 7.568 GC heap after
{Heap after GC invocations=5 (full 0):
 garbage-first heap   total 55296K, used 21078K [0x0000000085800000, 0x0000000100000000)
  region size 1024K, 4 young (4096K), 4 survivors (4096K)
 Metaspace       used 25505K, committed 25792K, reserved 1114112K
  class space    used 3453K, committed 3584K, reserved 1048576K
}
Event: 8.896 GC heap before
{Heap before GC invocations=5 (full 0):
 garbage-first heap   total 55296K, used 38486K [0x0000000085800000, 0x0000000100000000)
  region size 1024K, 22 young (22528K), 4 survivors (4096K)
 Metaspace       used 28869K, committed 29120K, reserved 1114112K
  class space    used 3813K, committed 3968K, reserved 1048576K
}
Event: 8.906 GC heap after
{Heap after GC invocations=6 (full 0):
 garbage-first heap   total 55296K, used 22461K [0x0000000085800000, 0x0000000100000000)
  region size 1024K, 3 young (3072K), 3 survivors (3072K)
 Metaspace       used 28869K, committed 29120K, reserved 1114112K
  class space    used 3813K, committed 3968K, reserved 1048576K
}
Event: 9.790 GC heap before
{Heap before GC invocations=6 (full 0):
 garbage-first heap   total 55296K, used 39869K [0x0000000085800000, 0x0000000100000000)
  region size 1024K, 20 young (20480K), 3 survivors (3072K)
 Metaspace       used 32269K, committed 32512K, reserved 1114112K
  class space    used 4106K, committed 4224K, reserved 1048576K
}
Event: 9.797 GC heap after
{Heap after GC invocations=7 (full 0):
 garbage-first heap   total 55296K, used 25196K [0x0000000085800000, 0x0000000100000000)
  region size 1024K, 3 young (3072K), 3 survivors (3072K)
 Metaspace       used 32269K, committed 32512K, reserved 1114112K
  class space    used 4106K, committed 4224K, reserved 1048576K
}
Event: 11.501 GC heap before
{Heap before GC invocations=7 (full 0):
 garbage-first heap   total 55296K, used 39532K [0x0000000085800000, 0x0000000100000000)
  region size 1024K, 18 young (18432K), 3 survivors (3072K)
 Metaspace       used 35606K, committed 35840K, reserved 1114112K
  class space    used 4435K, committed 4544K, reserved 1048576K
}
Event: 11.510 GC heap after
{Heap after GC invocations=8 (full 0):
 garbage-first heap   total 55296K, used 26674K [0x0000000085800000, 0x0000000100000000)
  region size 1024K, 3 young (3072K), 3 survivors (3072K)
 Metaspace       used 35606K, committed 35840K, reserved 1114112K
  class space    used 4435K, committed 4544K, reserved 1048576K
}
Event: 11.602 GC heap before
{Heap before GC invocations=8 (full 0):
 garbage-first heap   total 55296K, used 27698K [0x0000000085800000, 0x0000000100000000)
  region size 1024K, 5 young (5120K), 3 survivors (3072K)
 Metaspace       used 35889K, committed 36096K, reserved 1114112K
  class space    used 4482K, committed 4608K, reserved 1048576K
}
Event: 11.608 GC heap after
{Heap after GC invocations=9 (full 0):
 garbage-first heap   total 55296K, used 27247K [0x0000000085800000, 0x0000000100000000)
  region size 1024K, 1 young (1024K), 1 survivors (1024K)
 Metaspace       used 35889K, committed 36096K, reserved 1114112K
  class space    used 4482K, committed 4608K, reserved 1048576K
}
Event: 12.772 GC heap before
{Heap before GC invocations=10 (full 0):
 garbage-first heap   total 55296K, used 35439K [0x0000000085800000, 0x0000000100000000)
  region size 1024K, 11 young (11264K), 1 survivors (1024K)
 Metaspace       used 37765K, committed 38080K, reserved 1114112K
  class space    used 4714K, committed 4864K, reserved 1048576K
}
Event: 12.782 GC heap after
{Heap after GC invocations=11 (full 0):
 garbage-first heap   total 55296K, used 28009K [0x0000000085800000, 0x0000000100000000)
  region size 1024K, 2 young (2048K), 2 survivors (2048K)
 Metaspace       used 37765K, committed 38080K, reserved 1114112K
  class space    used 4714K, committed 4864K, reserved 1048576K
}
Event: 14.070 GC heap before
{Heap before GC invocations=12 (full 0):
 garbage-first heap   total 55296K, used 42345K [0x0000000085800000, 0x0000000100000000)
  region size 1024K, 15 young (15360K), 2 survivors (2048K)
 Metaspace       used 39514K, committed 39744K, reserved 1114112K
  class space    used 4871K, committed 4992K, reserved 1048576K
}
Event: 14.077 GC heap after
{Heap after GC invocations=13 (full 0):
 garbage-first heap   total 55296K, used 32695K [0x0000000085800000, 0x0000000100000000)
  region size 1024K, 2 young (2048K), 2 survivors (2048K)
 Metaspace       used 39514K, committed 39744K, reserved 1114112K
  class space    used 4871K, committed 4992K, reserved 1048576K
}
Event: 14.244 GC heap before
{Heap before GC invocations=14 (full 0):
 garbage-first heap   total 63488K, used 42935K [0x0000000085800000, 0x0000000100000000)
  region size 1024K, 12 young (12288K), 2 survivors (2048K)
 Metaspace       used 39590K, committed 39872K, reserved 1114112K
  class space    used 4871K, committed 4992K, reserved 1048576K
}
Event: 14.252 GC heap after
{Heap after GC invocations=15 (full 0):
 garbage-first heap   total 63488K, used 36029K [0x0000000085800000, 0x0000000100000000)
  region size 1024K, 2 young (2048K), 2 survivors (2048K)
 Metaspace       used 39590K, committed 39872K, reserved 1114112K
  class space    used 4871K, committed 4992K, reserved 1048576K
}
Event: 14.695 GC heap before
{Heap before GC invocations=15 (full 0):
 garbage-first heap   total 63488K, used 48317K [0x0000000085800000, 0x0000000100000000)
  region size 1024K, 14 young (14336K), 2 survivors (2048K)
 Metaspace       used 39655K, committed 39936K, reserved 1114112K
  class space    used 4873K, committed 4992K, reserved 1048576K
}
Event: 14.698 GC heap after
{Heap after GC invocations=16 (full 0):
 garbage-first heap   total 76800K, used 35543K [0x0000000085800000, 0x0000000100000000)
  region size 1024K, 1 young (1024K), 1 survivors (1024K)
 Metaspace       used 39655K, committed 39936K, reserved 1114112K
  class space    used 4873K, committed 4992K, reserved 1048576K
}

Dll operation events (7 events):
Event: 0.033 Loaded shared library C:\Program Files\Microsoft\jdk-17.0.8.7-hotspot\bin\java.dll
Event: 0.093 Loaded shared library C:\Program Files\Microsoft\jdk-17.0.8.7-hotspot\bin\jsvml.dll
Event: 0.180 Loaded shared library C:\Program Files\Microsoft\jdk-17.0.8.7-hotspot\bin\net.dll
Event: 0.188 Loaded shared library C:\Program Files\Microsoft\jdk-17.0.8.7-hotspot\bin\nio.dll
Event: 0.245 Loaded shared library C:\Program Files\Microsoft\jdk-17.0.8.7-hotspot\bin\zip.dll
Event: 0.821 Loaded shared library C:\Program Files\Microsoft\jdk-17.0.8.7-hotspot\bin\jimage.dll
Event: 2.945 Loaded shared library C:\Program Files\Microsoft\jdk-17.0.8.7-hotspot\bin\verify.dll

Deoptimization events (20 events):
Event: 15.053 Thread 0x0000021d8d85fea0 Uncommon trap: trap_request=0xffffffde fr.pc=0x0000021d9e7ebf70 relative=0x0000000000000510
Event: 15.053 Thread 0x0000021d8d85fea0 Uncommon trap: reason=class_check action=maybe_recompile pc=0x0000021d9e7ebf70 method=org.jetbrains.kotlin.com.intellij.psi.impl.source.tree.TreeElement.rawRemoveUpToWithoutNotifications(Lorg/jetbrains/kotlin/com/intellij/psi/impl/source/tree/TreeElement;
Event: 15.053 Thread 0x0000021d8d85fea0 DEOPT PACKING pc=0x0000021d9e7ebf70 sp=0x0000008c715fd3a0
Event: 15.053 Thread 0x0000021d8d85fea0 DEOPT UNPACKING pc=0x0000021d9e0da1a3 sp=0x0000008c715fd340 mode 2
Event: 15.057 Thread 0x0000021d8d85fea0 Uncommon trap: trap_request=0xffffffde fr.pc=0x0000021d9e7ebf70 relative=0x0000000000000510
Event: 15.057 Thread 0x0000021d8d85fea0 Uncommon trap: reason=class_check action=maybe_recompile pc=0x0000021d9e7ebf70 method=org.jetbrains.kotlin.com.intellij.psi.impl.source.tree.TreeElement.rawRemoveUpToWithoutNotifications(Lorg/jetbrains/kotlin/com/intellij/psi/impl/source/tree/TreeElement;
Event: 15.057 Thread 0x0000021d8d85fea0 DEOPT PACKING pc=0x0000021d9e7ebf70 sp=0x0000008c715fcea0
Event: 15.057 Thread 0x0000021d8d85fea0 DEOPT UNPACKING pc=0x0000021d9e0da1a3 sp=0x0000008c715fce40 mode 2
Event: 15.937 Thread 0x0000021d8d85fea0 Uncommon trap: trap_request=0xffffff45 fr.pc=0x0000021d9e6be0b0 relative=0x00000000000001f0
Event: 15.937 Thread 0x0000021d8d85fea0 Uncommon trap: reason=unstable_if action=reinterpret pc=0x0000021d9e6be0b0 method=java.util.HashMap.hash(Ljava/lang/Object;)I @ 1 c2
Event: 15.938 Thread 0x0000021d8d85fea0 DEOPT PACKING pc=0x0000021d9e6be0b0 sp=0x0000008c715fc6c0
Event: 15.938 Thread 0x0000021d8d85fea0 DEOPT UNPACKING pc=0x0000021d9e0da1a3 sp=0x0000008c715fc580 mode 2
Event: 15.938 Thread 0x0000021d8d85fea0 Uncommon trap: trap_request=0xffffff45 fr.pc=0x0000021d9e67e9f8 relative=0x00000000000000d8
Event: 15.938 Thread 0x0000021d8d85fea0 Uncommon trap: reason=unstable_if action=reinterpret pc=0x0000021d9e67e9f8 method=java.util.HashMap.hash(Ljava/lang/Object;)I @ 1 c2
Event: 15.938 Thread 0x0000021d8d85fea0 DEOPT PACKING pc=0x0000021d9e67e9f8 sp=0x0000008c715fc630
Event: 15.938 Thread 0x0000021d8d85fea0 DEOPT UNPACKING pc=0x0000021d9e0da1a3 sp=0x0000008c715fc570 mode 2
Event: 15.960 Thread 0x0000021d8d85fea0 Uncommon trap: trap_request=0xffffff45 fr.pc=0x0000021d9e685acc relative=0x000000000000004c
Event: 15.960 Thread 0x0000021d8d85fea0 Uncommon trap: reason=unstable_if action=reinterpret pc=0x0000021d9e685acc method=kotlin.jvm.internal.Intrinsics.areEqual(Ljava/lang/Object;Ljava/lang/Object;)Z @ 5 c2
Event: 15.960 Thread 0x0000021d8d85fea0 DEOPT PACKING pc=0x0000021d9e685acc sp=0x0000008c715fc7e0
Event: 15.960 Thread 0x0000021d8d85fea0 DEOPT UNPACKING pc=0x0000021d9e0da1a3 sp=0x0000008c715fc770 mode 2

Classes unloaded (0 events):
No events

Classes redefined (0 events):
No events

Internal exceptions (20 events):
Event: 4.163 Thread 0x0000021d8d85fea0 Exception <a 'sun/nio/fs/WindowsException'{0x000000008ab6b7d0}> (0x000000008ab6b7d0) 
thrown [s\src\hotspot\share\prims\jni.cpp, line 516]
Event: 4.163 Thread 0x0000021d8d85fea0 Exception <a 'sun/nio/fs/WindowsException'{0x000000008ab6c0e8}> (0x000000008ab6c0e8) 
thrown [s\src\hotspot\share\prims\jni.cpp, line 516]
Event: 4.166 Thread 0x0000021d8d85fea0 Exception <a 'java/lang/NoSuchMethodError'{0x000000008ab755f0}: 'void java.lang.invoke.DirectMethodHandle$Holder.invokeStatic(java.lang.Object, java.lang.Object, java.lang.Object, java.lang.Object)'> (0x000000008ab755f0) 
thrown [s\src\hotspot\share\interpreter\linkResolver.cpp, line 759]
Event: 4.268 Thread 0x0000021d8d85fea0 Exception <a 'java/lang/NoSuchMethodError'{0x000000008a717fa0}: 'void java.lang.invoke.DirectMethodHandle$Holder.invokeStaticInit(java.lang.Object, java.lang.Object)'> (0x000000008a717fa0) 
thrown [s\src\hotspot\share\interpreter\linkResolver.cpp, line 759]
Event: 4.525 Thread 0x0000021d8d85fea0 Exception <a 'java/lang/NoSuchMethodError'{0x000000008a4fbd78}: 'void java.lang.invoke.DirectMethodHandle$Holder.invokeVirtual(java.lang.Object, java.lang.Object)'> (0x000000008a4fbd78) 
thrown [s\src\hotspot\share\interpreter\linkResolver.cpp, line 759]
Event: 4.535 Thread 0x0000021d8d85fea0 Exception <a 'java/lang/NoSuchMethodError'{0x000000008a3734d8}: 'int java.lang.invoke.DirectMethodHandle$Holder.invokeVirtual(java.lang.Object, java.lang.Object)'> (0x000000008a3734d8) 
thrown [s\src\hotspot\share\interpreter\linkResolver.cpp, line 759]
Event: 4.584 Thread 0x0000021d8d85fea0 Exception <a 'java/lang/NoSuchMethodError'{0x000000008a23d958}: 'java.lang.Object java.lang.invoke.Invokers$Holder.invokeExact_MT(java.lang.Object, java.lang.Object, java.lang.Object, java.lang.Object, java.lang.Object, java.lang.Object)'> (0x000000008a23d958) 
thrown [s\src\hotspot\share\interpreter\linkResolver.cpp, line 759]
Event: 7.673 Thread 0x0000021d8d85fea0 Exception <a 'java/lang/NoSuchMethodError'{0x0000000089dda228}: 'java.lang.Object java.lang.invoke.DirectMethodHandle$Holder.invokeVirtual(java.lang.Object, java.lang.Object, java.lang.Object)'> (0x0000000089dda228) 
thrown [s\src\hotspot\share\interpreter\linkResolver.cpp, line 759]
Event: 10.175 Thread 0x0000021d8d85fea0 Exception <a 'java/lang/NoSuchMethodError'{0x0000000089a234d0}: 'java.lang.Object java.lang.invoke.DirectMethodHandle$Holder.newInvokeSpecial(java.lang.Object, java.lang.Object, int)'> (0x0000000089a234d0) 
thrown [s\src\hotspot\share\interpreter\linkResolver.cpp, line 759]
Event: 10.884 Thread 0x0000021d8d85fea0 Implicit null exception at 0x0000021d9e782f4c to 0x0000021d9e783028
Event: 11.481 Thread 0x0000021d8d85fea0 Exception <a 'java/lang/NoSuchMethodError'{0x0000000087f68fa8}: 'java.lang.Object java.lang.invoke.DirectMethodHandle$Holder.newInvokeSpecial(java.lang.Object, java.lang.Object, java.lang.Object, int)'> (0x0000000087f68fa8) 
thrown [s\src\hotspot\share\interpreter\linkResolver.cpp, line 759]
Event: 11.481 Thread 0x0000021d8d85fea0 Exception <a 'java/lang/NoSuchMethodError'{0x0000000087f6d630}: 'java.lang.Object java.lang.invoke.DirectMethodHandle$Holder.invokeSpecial(java.lang.Object, java.lang.Object, java.lang.Object, java.lang.Object, int)'> (0x0000000087f6d630) 
thrown [s\src\hotspot\share\interpreter\linkResolver.cpp, line 759]
Event: 11.482 Thread 0x0000021d8d85fea0 Exception <a 'java/lang/NoSuchMethodError'{0x0000000087f714a0}: 'java.lang.Object java.lang.invoke.Invokers$Holder.linkToTargetMethod(java.lang.Object, java.lang.Object, int, java.lang.Object)'> (0x0000000087f714a0) 
thrown [s\src\hotspot\share\interpreter\linkResolver.cpp, line 759]
Event: 13.206 Thread 0x0000021d8d85fea0 Exception <a 'java/lang/NoSuchMethodError'{0x0000000089df20c8}: 'java.lang.Object java.lang.invoke.DirectMethodHandle$Holder.invokeInterface(java.lang.Object, java.lang.Object)'> (0x0000000089df20c8) 
thrown [s\src\hotspot\share\interpreter\linkResolver.cpp, line 759]
Event: 14.985 Thread 0x0000021d8d85fea0 Exception <a 'java/lang/NoSuchMethodError'{0x0000000089fcf478}: 'java.lang.Object java.lang.invoke.DirectMethodHandle$Holder.newInvokeSpecial(java.lang.Object, java.lang.Object, java.lang.Object, java.lang.Object, java.lang.Object, java.lang.Object, java.lang.Object, java.lang.Object)'> (0x0000000089fcf478) 
thrown [s\src\hotspot\share\interpreter\linkResolver.cpp, line 759]
Event: 14.987 Thread 0x0000021d8d85fea0 Exception <a 'java/lang/NoSuchMethodError'{0x0000000089fd4a90}: 'java.lang.Object java.lang.invoke.DirectMethodHandle$Holder.invokeSpecial(java.lang.Object, java.lang.Object, java.lang.Object, java.lang.Object, java.lang.Object, java.lang.Object, java.lang.Object, java.lang.Object, java.lang.Object)'> (0x0000000089fd4a90) 
thrown [s\src\hotspot\share\interpreter\linkResolver.cpp, line 759]
Event: 14.987 Thread 0x0000021d8d85fea0 Exception <a 'java/lang/NoSuchMethodError'{0x0000000089fd99c0}: 'java.lang.Object java.lang.invoke.Invokers$Holder.linkToTargetMethod(java.lang.Object, java.lang.Object, java.lang.Object, java.lang.Object, java.lang.Object, java.lang.Object, java.lang.Object, java.lang.Object)'> (0x0000000089fd99c0) 
thrown [s\src\hotspot\share\interpreter\linkResolver.cpp, line 759]
Event: 15.104 Thread 0x0000021d8d85fea0 Exception <a 'java/lang/NoSuchMethodError'{0x0000000089de38a8}: 'java.lang.Object java.lang.invoke.DirectMethodHandle$Holder.newInvokeSpecial(java.lang.Object, java.lang.Object, java.lang.Object, java.lang.Object, java.lang.Object, java.lang.Object)'> (0x0000000089de38a8) 
thrown [s\src\hotspot\share\interpreter\linkResolver.cpp, line 759]
Event: 15.937 Thread 0x0000021d8d85fea0 Implicit null exception at 0x0000021d9e6bdf1e to 0x0000021d9e6be098
Event: 15.938 Thread 0x0000021d8d85fea0 Implicit null exception at 0x0000021d9e67e958 to 0x0000021d9e67e9ee

VM Operations (20 events):
Event: 13.215 Executing VM operation: HandshakeAllThreads
Event: 13.215 Executing VM operation: HandshakeAllThreads done
Event: 13.501 Executing VM operation: ICBufferFull
Event: 13.502 Executing VM operation: ICBufferFull done
Event: 14.070 Executing VM operation: G1TryInitiateConcMark
Event: 14.077 Executing VM operation: G1TryInitiateConcMark done
Event: 14.119 Executing VM operation: G1PauseRemark
Event: 14.208 Executing VM operation: G1PauseRemark done
Event: 14.228 Executing VM operation: G1PauseCleanup
Event: 14.229 Executing VM operation: G1PauseCleanup done
Event: 14.244 Executing VM operation: G1CollectForAllocation
Event: 14.255 Executing VM operation: G1CollectForAllocation done
Event: 14.695 Executing VM operation: G1CollectForAllocation
Event: 14.698 Executing VM operation: G1CollectForAllocation done
Event: 14.745 Executing VM operation: G1PauseRemark
Event: 14.750 Executing VM operation: G1PauseRemark done
Event: 14.774 Executing VM operation: G1PauseCleanup
Event: 14.774 Executing VM operation: G1PauseCleanup done
Event: 15.778 Executing VM operation: Cleanup
Event: 15.778 Executing VM operation: Cleanup done

Events (20 events):
Event: 10.064 loading class java/util/PrimitiveIterator$OfInt
Event: 10.065 loading class java/util/PrimitiveIterator
Event: 10.074 loading class java/util/PrimitiveIterator done
Event: 10.074 loading class java/util/PrimitiveIterator$OfInt done
Event: 10.173 loading class java/util/function/IntUnaryOperator
Event: 10.174 loading class java/util/function/IntUnaryOperator done
Event: 11.276 loading class java/util/ArrayList$ListItr
Event: 11.276 loading class java/util/ArrayList$ListItr done
Event: 12.560 loading class java/util/AbstractList$SubList
Event: 12.561 loading class java/util/AbstractList$SubList done
Event: 12.561 loading class java/util/AbstractList$SubList$1
Event: 12.563 loading class java/util/AbstractList$SubList$1 done
Event: 12.563 loading class java/util/AbstractList$ListItr
Event: 12.563 loading class java/util/AbstractList$ListItr done
Event: 12.820 loading class java/text/StringCharacterIterator
Event: 12.821 loading class java/text/CharacterIterator
Event: 12.821 loading class java/text/CharacterIterator done
Event: 12.821 loading class java/text/StringCharacterIterator done
Event: 12.970 loading class java/util/AbstractList$RandomAccessSubList
Event: 12.970 loading class java/util/AbstractList$RandomAccessSubList done


Dynamic libraries:
0x00007ff7d61d0000 - 0x00007ff7d61de000 	C:\Program Files\Microsoft\jdk-17.0.8.7-hotspot\bin\java.exe
0x00007ffc29f70000 - 0x00007ffc2a187000 	C:\WINDOWS\SYSTEM32\ntdll.dll
0x00007ffc29ad0000 - 0x00007ffc29b94000 	C:\WINDOWS\System32\KERNEL32.DLL
0x00007ffc275b0000 - 0x00007ffc2795c000 	C:\WINDOWS\System32\KERNELBASE.dll
0x00007ffc272d0000 - 0x00007ffc273e1000 	C:\WINDOWS\System32\ucrtbase.dll
0x00007ffbb0b90000 - 0x00007ffbb0bab000 	C:\Program Files\Microsoft\jdk-17.0.8.7-hotspot\bin\VCRUNTIME140.dll
0x00007ffbb0b70000 - 0x00007ffbb0b87000 	C:\Program Files\Microsoft\jdk-17.0.8.7-hotspot\bin\jli.dll
0x00007ffc28280000 - 0x00007ffc2842e000 	C:\WINDOWS\System32\USER32.dll
0x00007ffc27b10000 - 0x00007ffc27b36000 	C:\WINDOWS\System32\win32u.dll
0x00007ffc28250000 - 0x00007ffc28279000 	C:\WINDOWS\System32\GDI32.dll
0x00007ffc27490000 - 0x00007ffc275a9000 	C:\WINDOWS\System32\gdi32full.dll
0x00007ffc075a0000 - 0x00007ffc07833000 	C:\WINDOWS\WinSxS\amd64_microsoft.windows.common-controls_6595b64144ccf1df_6.0.22621.3672_none_2713b9d173822955\COMCTL32.dll
0x00007ffc27cb0000 - 0x00007ffc27d57000 	C:\WINDOWS\System32\msvcrt.dll
0x00007ffc273f0000 - 0x00007ffc2748a000 	C:\WINDOWS\System32\msvcp_win.dll
0x00007ffc28fb0000 - 0x00007ffc28fe1000 	C:\WINDOWS\System32\IMM32.DLL
0x00007ffbf9780000 - 0x00007ffbf978c000 	C:\Program Files\Microsoft\jdk-17.0.8.7-hotspot\bin\vcruntime140_1.dll
0x00007ffbb0ae0000 - 0x00007ffbb0b6d000 	C:\Program Files\Microsoft\jdk-17.0.8.7-hotspot\bin\msvcp140.dll
0x00007ffbafe70000 - 0x00007ffbb0ad5000 	C:\Program Files\Microsoft\jdk-17.0.8.7-hotspot\bin\server\jvm.dll
0x00007ffc28430000 - 0x00007ffc284e2000 	C:\WINDOWS\System32\ADVAPI32.dll
0x00007ffc28f00000 - 0x00007ffc28faa000 	C:\WINDOWS\System32\sechost.dll
0x00007ffc272a0000 - 0x00007ffc272c8000 	C:\WINDOWS\System32\bcrypt.dll
0x00007ffc29c50000 - 0x00007ffc29d65000 	C:\WINDOWS\System32\RPCRT4.dll
0x00007ffc27160000 - 0x00007ffc271ad000 	C:\WINDOWS\SYSTEM32\POWRPROF.dll
0x00007ffbf6350000 - 0x00007ffbf6359000 	C:\WINDOWS\SYSTEM32\WSOCK32.dll
0x00007ffc29570000 - 0x00007ffc295e1000 	C:\WINDOWS\System32\WS2_32.dll
0x00007ffc1c9e0000 - 0x00007ffc1ca14000 	C:\WINDOWS\SYSTEM32\WINMM.dll
0x00007ffc1b6e0000 - 0x00007ffc1b6ea000 	C:\WINDOWS\SYSTEM32\VERSION.dll
0x00007ffc27140000 - 0x00007ffc27153000 	C:\WINDOWS\SYSTEM32\UMPDC.dll
0x00007ffc262d0000 - 0x00007ffc262e8000 	C:\WINDOWS\SYSTEM32\kernel.appcore.dll
0x00007ffbea7e0000 - 0x00007ffbea7ea000 	C:\Program Files\Microsoft\jdk-17.0.8.7-hotspot\bin\jimage.dll
0x00007ffc24200000 - 0x00007ffc24432000 	C:\WINDOWS\SYSTEM32\DBGHELP.DLL
0x00007ffc27d60000 - 0x00007ffc280e8000 	C:\WINDOWS\System32\combase.dll
0x00007ffc28d50000 - 0x00007ffc28e27000 	C:\WINDOWS\System32\OLEAUT32.dll
0x00007ffbfac30000 - 0x00007ffbfac62000 	C:\WINDOWS\SYSTEM32\dbgcore.DLL
0x00007ffc27a90000 - 0x00007ffc27b0b000 	C:\WINDOWS\System32\bcryptPrimitives.dll
0x00007ffbafe40000 - 0x00007ffbafe65000 	C:\Program Files\Microsoft\jdk-17.0.8.7-hotspot\bin\java.dll
0x00007ffbafa00000 - 0x00007ffbafad7000 	C:\Program Files\Microsoft\jdk-17.0.8.7-hotspot\bin\jsvml.dll
0x00007ffc284f0000 - 0x00007ffc28d4c000 	C:\WINDOWS\System32\SHELL32.dll
0x00007ffc251f0000 - 0x00007ffc25ae7000 	C:\WINDOWS\SYSTEM32\windows.storage.dll
0x00007ffc250b0000 - 0x00007ffc251ef000 	C:\WINDOWS\SYSTEM32\wintypes.dll
0x00007ffc29470000 - 0x00007ffc29564000 	C:\WINDOWS\System32\SHCORE.dll
0x00007ffc299f0000 - 0x00007ffc29a4e000 	C:\WINDOWS\System32\shlwapi.dll
0x00007ffc271d0000 - 0x00007ffc271f1000 	C:\WINDOWS\SYSTEM32\profapi.dll
0x00007ffbafe20000 - 0x00007ffbafe39000 	C:\Program Files\Microsoft\jdk-17.0.8.7-hotspot\bin\net.dll
0x00007ffc1e900000 - 0x00007ffc1ea36000 	C:\WINDOWS\SYSTEM32\WINHTTP.dll
0x00007ffc26740000 - 0x00007ffc267a9000 	C:\WINDOWS\system32\mswsock.dll
0x00007ffbaf9e0000 - 0x00007ffbaf9f6000 	C:\Program Files\Microsoft\jdk-17.0.8.7-hotspot\bin\nio.dll
0x00007ffbaf9c0000 - 0x00007ffbaf9d8000 	C:\Program Files\Microsoft\jdk-17.0.8.7-hotspot\bin\zip.dll
0x00007ffc06e00000 - 0x00007ffc06e10000 	C:\Program Files\Microsoft\jdk-17.0.8.7-hotspot\bin\verify.dll

dbghelp: loaded successfully - version: 4.0.5 - missing functions: none
symbol engine: initialized successfully - sym options: 0x614 - pdb path: .;C:\Program Files\Microsoft\jdk-17.0.8.7-hotspot\bin;C:\WINDOWS\SYSTEM32;C:\WINDOWS\WinSxS\amd64_microsoft.windows.common-controls_6595b64144ccf1df_6.0.22621.3672_none_2713b9d173822955;C:\Program Files\Microsoft\jdk-17.0.8.7-hotspot\bin\server

VM Arguments:
java_command: org.jetbrains.kotlin.cli.jvm.K2JVMCompiler @C:\Users\abc\Documents\TravelBooking\node_modules\react-native-gesture-handler\android\build\20240709_17780224262806643645.compiler.options
java_class_path (initial): C:\Users\abc\.gradle\caches\modules-2\files-2.1\org.jetbrains.kotlin\kotlin-compiler-embeddable\1.6.21\97bdd5a752ce73b58ef16c17bc7f0ea2faff7a2e\kotlin-compiler-embeddable-1.6.21.jar;C:\Users\abc\.gradle\caches\modules-2\files-2.1\org.jetbrains.kotlin\kotlin-reflect\1.6.21\5dc3574d9b7bebfcb4ec6b10ada4aaa9e140bd0b\kotlin-reflect-1.6.21.jar;C:\Users\abc\.gradle\caches\modules-2\files-2.1\org.jetbrains.kotlin\kotlin-stdlib\1.6.21\11ef67f1900634fd951bad28c53ec957fabbe5b8\kotlin-stdlib-1.6.21.jar;C:\Users\abc\.gradle\caches\modules-2\files-2.1\org.jetbrains.kotlin\kotlin-script-runtime\1.6.21\99c6675100da5d6d5b1c5a1032f27f28008d101b\kotlin-script-runtime-1.6.21.jar;C:\Users\abc\.gradle\caches\modules-2\files-2.1\org.jetbrains.kotlin\kotlin-daemon-embeddable\1.6.21\46b78cf392e1c4f10854c3cadba44abb7b82250f\kotlin-daemon-embeddable-1.6.21.jar;C:\Users\abc\.gradle\caches\modules-2\files-2.1\org.jetbrains.intellij.deps\trove4j\1.0.20200330\3afb14d5f9ceb459d724e907a21145e8ff394f02\trove4j-1.0.20200330.jar;C:\Users\abc\.gradle\caches\modules-2\files-2.1\net.java.dev.jna\jna\5.6.0\330f2244e9030119ab3030fc3fededc86713d9cc\jna-5.6.0.jar;C:\Users\abc\.gradle\caches\modules-2\files-2.1\org.jetbrains.kotlin\kotlin-stdlib-common\1.6.21\5e5b55c26dbc80372a920aef60eb774b714559b8\kotlin-stdlib-common-1.6.21.jar;C:\Users\abc\.gradle\caches\modules-2\files-2.1\org.jetbrains\annotations\13.0\919f0dfe192fb4e063e7dacadee7f8bb9a2672a9\annotations-13.0.jar
Launcher Type: SUN_STANDARD

[Global flags]
     intx CICompilerCount                          = 3                                         {product} {ergonomic}
     uint ConcGCThreads                            = 1                                         {product} {ergonomic}
     uint G1ConcRefinementThreads                  = 4                                         {product} {ergonomic}
   size_t G1HeapRegionSize                         = 1048576                                   {product} {ergonomic}
    uintx GCDrainStackTargetSize                   = 64                                        {product} {ergonomic}
   size_t InitialHeapSize                          = 130023424                                 {product} {ergonomic}
   size_t MarkStackSize                            = 4194304                                   {product} {ergonomic}
   size_t MaxHeapSize                              = 2055208960                                {product} {ergonomic}
   size_t MaxNewSize                               = 1233125376                                {product} {ergonomic}
   size_t MinHeapDeltaBytes                        = 1048576                                   {product} {ergonomic}
   size_t MinHeapSize                              = 8388608                                   {product} {ergonomic}
    uintx NonNMethodCodeHeapSize                   = 5832780                                {pd product} {ergonomic}
    uintx NonProfiledCodeHeapSize                  = 122912730                              {pd product} {ergonomic}
    uintx ProfiledCodeHeapSize                     = 122912730                              {pd product} {ergonomic}
    uintx ReservedCodeCacheSize                    = 251658240                              {pd product} {ergonomic}
     bool SegmentedCodeCache                       = true                                      {product} {ergonomic}
   size_t SoftMaxHeapSize                          = 2055208960                             {manageable} {ergonomic}
     bool UseCompressedClassPointers               = true                           {product lp64_product} {ergonomic}
     bool UseCompressedOops                        = true                           {product lp64_product} {ergonomic}
     bool UseG1GC                                  = true                                      {product} {ergonomic}
     bool UseLargePagesIndividualAllocation        = false                                  {pd product} {ergonomic}

Logging:
Log output configuration:
 #0: stdout all=warning uptime,level,tags
 #1: stderr all=off uptime,level,tags

Environment Variables:
JAVA_HOME=C:\Program Files\Microsoft\jdk-17.0.8.7-hotspot
CLASSPATH=C:\Users\abc\Documents\TravelBooking\android\\gradle\wrapper\gradle-wrapper.jar
PATH=C:\Users\abc\Documents\TravelBooking\node_modules\.bin;C:\Users\abc\Documents\TravelBooking\node_modules\.bin;C:\Users\abc\Documents\node_modules\.bin;C:\Users\abc\node_modules\.bin;C:\Users\node_modules\.bin;C:\node_modules\.bin;C:\Users\abc\AppData\Roaming\nvm\v18.18.2\node_modules\npm\node_modules\@npmcli\run-script\lib\node-gyp-bin;C:\Users\abc\Documents\TravelBooking\node_modules\.bin;C:\Users\abc\Documents\node_modules\.bin;C:\Users\abc\node_modules\.bin;C:\Users\node_modules\.bin;C:\node_modules\.bin;C:\Users\abc\AppData\Roaming\nvm\v18.18.2\node_modules\npm\node_modules\@npmcli\run-script\lib\node-gyp-bin;C:\Python312\Scripts\;C:\Python312\;C:\WINDOWS\system32;C:\WINDOWS;C:\WINDOWS\System32\Wbem;C:\WINDOWS\System32\WindowsPowerShell\v1.0\;C:\WINDOWS\System32\OpenSSH\;C:\Program Files\Git\cmd;C:\Users\abc\AppData\Roaming\nvm;C:\Program Files\nodejs;C:\ProgramData\chocolatey\bin;C:\android\platform-tools;C:\android\build-tools;C:\Program Files\nodejs\;C:\Program Files\Microsoft\jdk-17.0.8.7-hotspot\bin;C:\Users\abc\AppData\Local\Microsoft\WindowsApps;C:\Users\abc\AppData\Local\Programs\Microsoft VS Code\bin;C:\Users\abc\AppData\Local\GitHubDesktop\bin;C:\Users\abc\AppData\Roaming\npm
USERNAME=abc
OS=Windows_NT
PROCESSOR_IDENTIFIER=Intel64 Family 6 Model 140 Stepping 1, GenuineIntel
TMP=C:\Users\abc\AppData\Local\Temp
TEMP=C:\Users\abc\AppData\Local\Temp



---------------  S Y S T E M  ---------------

OS:
 Windows 11 , 64 bit Build 22621 (10.0.22621.3672)
OS uptime: 5 days 20:16 hours

CPU: total 4 (initial active 4) (2 cores per cpu, 2 threads per core) family 6 model 140 stepping 1 microcode 0xb4, cx8, cmov, fxsr, ht, mmx, 3dnowpref, sse, sse2, sse3, ssse3, sse4.1, sse4.2, popcnt, lzcnt, tsc, tscinvbit, avx, avx2, aes, erms, clmul, bmi1, bmi2, adx, avx512f, avx512dq, avx512cd, avx512bw, avx512vl, sha, fma, vzeroupper, avx512_vpopcntdq, avx512_vpclmulqdq, avx512_vaes, avx512_vnni, clflush, clflushopt, clwb, avx512_vbmi2, avx512_vbmi
Processor Information for all 4 processors :
  Max Mhz: 2901, Current Mhz: 2901, Mhz Limit: 2901

Memory: 4k page, system-wide physical 7834M (266M free)
TotalPageFile size 22834M (AvailPageFile size 137M)
current process WorkingSet (physical memory assigned to process): 208M, peak: 208M
current process commit charge ("private bytes"): 244M, peak: 259M

vm_info: OpenJDK 64-Bit Server VM (17.0.8+7-LTS) for windows-amd64 JRE (17.0.8+7-LTS), built on Jul  7 2023 17:21:55 by "MicrosoftCorporation" with MS VC++ 16.10 / 16.11 (VS2019)

END.
